<?xml version="1.0" encoding="UTF-8"?>
<!-- Generated by org.testng.reporters.JUnitXMLReporter -->
<testsuite hostname="LAPTOP-JVNL5G83" ignored="0" name="Default test" tests="3" failures="0" timestamp="23 Nov 2020 18:42:18 GMT" time="54.591" errors="0">
  <testcase name="test1" time="0.009" classname="com.carbonite.qa.tests.AllProductsPageTest"/>
  <testcase name="learnMoreClickTest" time="6.331" classname="com.carbonite.qa.tests.AllProductsPageTest"/>
  <testcase name="learnMoreClickTest" time="7.655" classname="com.carbonite.qa.tests.AllProductsPageTest"/>
</testsuite> <!-- Default test -->
