<?xml version="1.0" encoding="UTF-8"?>
<!-- Generated by org.testng.reporters.JUnitXMLReporter -->
<testsuite hostname="LAPTOP-JVNL5G83" ignored="2" name="Default test" tests="2" failures="0" timestamp="11 Aug 2020 09:21:01 GMT" time="20.415" errors="0">
  <testcase name="fillSignUpFormWithNegativeTestData" time="0.972" classname="com.carbonite.qa.tests.SignUpPageTest"/>
  <testcase name="fillSignUpFormWithNegativeTestData" time="0.954" classname="com.carbonite.qa.tests.SignUpPageTest"/>
  <testcase name="test" time="0.0" classname="com.carbonite.qa.tests.SignUpPageTest">
    <ignored/>
  </testcase> <!-- test -->
  <testcase name="fillSignUpFormWithValidTestData" time="0.0" classname="com.carbonite.qa.tests.SignUpPageTest">
    <ignored/>
  </testcase> <!-- fillSignUpFormWithValidTestData -->
</testsuite> <!-- Default test -->
