<?xml version="1.0" encoding="UTF-8"?>
<!-- Generated by org.testng.reporters.JUnitXMLReporter -->
<testsuite hostname="LAPTOP-JVNL5G83" ignored="1" name="Test" tests="6" failures="0" timestamp="23 Nov 2020 20:00:25 GMT" time="103.096" errors="0">
  <testcase name="getTitleOfThePage" time="0.018" classname="com.carbonite.qa.tests.CompareBackUpPlanTest">
    <skipped/>
  </testcase> <!-- getTitleOfThePage -->
  <testcase name="getTitleOfThePage" time="0.011" classname="com.carbonite.qa.tests.CompareBackUpPlanTest"/>
  <testcase name="getTitleOfThePage" time="0.012" classname="com.carbonite.qa.tests.BuisnessSolutionPageTest"/>
  <testcase name="fillSignUpFormWithNegativeTestData" time="1.398" classname="com.carbonite.qa.tests.SignUpPageTest"/>
  <testcase name="fillSignUpFormWithNegativeTestData" time="1.291" classname="com.carbonite.qa.tests.SignUpPageTest"/>
  <testcase name="test" time="0.001" classname="com.carbonite.qa.tests.SignUpPageTest"/>
  <testcase name="fillSignUpFormWithValidTestData" time="0.0" classname="com.carbonite.qa.tests.SignUpPageTest">
    <ignored/>
  </testcase> <!-- fillSignUpFormWithValidTestData -->
</testsuite> <!-- Test -->
