<?xml version="1.0" encoding="UTF-8"?>
<testsuite xmlns:xsi="http://www.w3.org/2001/XMLSchema-instance" xsi:noNamespaceSchemaLocation="https://maven.apache.org/surefire/maven-surefire-plugin/xsd/surefire-test-report.xsd" name="TestSuite" time="114.368" tests="11" errors="0" skipped="0" failures="7">
  <properties>
[...]
</properties>
  <testcase name="test1" classname="com.carbonite.qa.tests.AllProductsPageTest" time="0.021">
    <failure message="expected [false] but found [true]" type="java.lang.AssertionError">java.lang.AssertionError: expected [false] but found [true]
	at com.carbonite.qa.tests.AllProductsPageTest.test1(AllProductsPageTest.java:33)
</failure>
    <system-out><![CDATA[2020-10-24 15:57:19 INFO  TestBase:108 - =====Application Started=====
0 [main] INFO com.carbonite.qa.base.TestBase  - =====Application Started=====
Before navigating to: 'https://www.carbonite.com/backup-software/safe-personal-trial/'
Navigated to:'https://www.carbonite.com/backup-software/safe-personal-trial/'
Trying to find Element By : By.xpath: //nav[@class='main']//ul/li
Found Element By : By.xpath: //nav[@class='main']//ul/li
Trying to click on: [[ChromeDriver: chrome on WINDOWS (6831122c56d09c09c07596481f15a854)] -> xpath: //nav[@class='main']//ul/li]
Clicked on: [[ChromeDriver: chrome on WINDOWS (6831122c56d09c09c07596481f15a854)] -> xpath: //nav[@class='main']//ul/li]
]]></system-out>
    <system-err><![CDATA[SLF4J: Failed to load class "org.slf4j.impl.StaticLoggerBinder".
SLF4J: Defaulting to no-operation (NOP) logger implementation
SLF4J: See http://www.slf4j.org/codes.html#StaticLoggerBinder for further details.
Oct 24, 2020 3:57:12 PM java.util.prefs.WindowsPreferences <init>
WARNING: Could not open/create prefs root node Software\JavaSoft\Prefs at root 0x80000002. Windows RegCreateKeyEx(...) returned error code 5.
Starting ChromeDriver 86.0.4240.22 (398b0743353ff36fb1b82468f63a3a93b4e2e89e-refs/branch-heads/4240@{#378}) on port 10468
Only local connections are allowed.
Please see https://chromedriver.chromium.org/security-considerations for suggestions on keeping ChromeDriver safe.
ChromeDriver was started successfully.
Oct 24, 2020 3:57:17 PM org.openqa.selenium.remote.ProtocolHandshake createSession
INFO: Detected dialect: W3C
]]></system-err>
  </testcase>
  <testcase name="learnMoreClickTest" classname="com.carbonite.qa.tests.AllProductsPageTest" time="1.267"/>
  <testcase name="learnMoreClickTest" classname="com.carbonite.qa.tests.AllProductsPageTest" time="1.213"/>
  <testcase name="getTitleOfThePage" classname="com.carbonite.qa.tests.BuisnessSolutionPageTest" time="0.004">
    <failure message="expected [Small business cloud backup for your business data | Carbonite] but found []" type="java.lang.AssertionError">java.lang.AssertionError: expected [Small business cloud backup for your business data | Carbonite] but found []
	at com.carbonite.qa.tests.BuisnessSolutionPageTest.getTitleOfThePage(BuisnessSolutionPageTest.java:34)
</failure>
    <system-out><![CDATA[2020-10-24 15:57:46 INFO  TestBase:51 - =====Browser Session End=====
26849 [main] INFO com.carbonite.qa.base.TestBase  - =====Browser Session End=====
2020-10-24 15:57:52 INFO  TestBase:108 - =====Application Started=====
32450 [main] INFO com.carbonite.qa.base.TestBase  - =====Application Started=====
Before navigating to: 'https://www.carbonite.com/backup-software/safe-personal-trial/'
Navigated to:'https://www.carbonite.com/backup-software/safe-personal-trial/'
Trying to find Element By : By.xpath: //nav[@class='main']//ul/li
Found Element By : By.xpath: //nav[@class='main']//ul/li
Trying to click on: [[ChromeDriver: chrome on WINDOWS (4e3627ad7b384a23d37b72bf5bb3203a)] -> xpath: //nav[@class='main']//ul/li]
Clicked on: [[ChromeDriver: chrome on WINDOWS (4e3627ad7b384a23d37b72bf5bb3203a)] -> xpath: //nav[@class='main']//ul/li]
]]></system-out>
    <system-err><![CDATA[Starting ChromeDriver 86.0.4240.22 (398b0743353ff36fb1b82468f63a3a93b4e2e89e-refs/branch-heads/4240@{#378}) on port 40580
Only local connections are allowed.
Please see https://chromedriver.chromium.org/security-considerations for suggestions on keeping ChromeDriver safe.
ChromeDriver was started successfully.
Oct 24, 2020 3:57:50 PM org.openqa.selenium.remote.ProtocolHandshake createSession
INFO: Detected dialect: W3C
]]></system-err>
  </testcase>
  <testcase name="getTitleOfThePage" classname="com.carbonite.qa.tests.CompareBackUpPlanTest" time="0.277">
    <failure message="expected [Personal Cloud Backup Pricing, Plans &amp; Features | Carbonite] but found [Backup Product Select | Carbonite]" type="java.lang.AssertionError"><![CDATA[java.lang.AssertionError: expected [Personal Cloud Backup Pricing, Plans & Features | Carbonite] but found [Backup Product Select | Carbonite]
	at com.carbonite.qa.tests.CompareBackUpPlanTest.getTitleOfThePage(CompareBackUpPlanTest.java:36)
]]></failure>
    <system-out><![CDATA[2020-10-24 15:57:56 INFO  TestBase:43 - =====Browser Session End=====
36954 [main] INFO com.carbonite.qa.base.TestBase  - =====Browser Session End=====
2020-10-24 15:58:02 INFO  TestBase:108 - =====Application Started=====
42678 [main] INFO com.carbonite.qa.base.TestBase  - =====Application Started=====
Before navigating to: 'https://www.carbonite.com/backup-software/safe-personal-trial/'
Navigated to:'https://www.carbonite.com/backup-software/safe-personal-trial/'
Trying to find Element By : By.xpath: //nav[@class='main']//ul/li
Found Element By : By.xpath: //nav[@class='main']//ul/li
Trying to click on: [[ChromeDriver: chrome on WINDOWS (745c341eb135a2a7e7cfae1a18012a67)] -> xpath: //nav[@class='main']//ul/li]
Clicked on: [[ChromeDriver: chrome on WINDOWS (745c341eb135a2a7e7cfae1a18012a67)] -> xpath: //nav[@class='main']//ul/li]
]]></system-out>
    <system-err><![CDATA[Starting ChromeDriver 86.0.4240.22 (398b0743353ff36fb1b82468f63a3a93b4e2e89e-refs/branch-heads/4240@{#378}) on port 22172
Only local connections are allowed.
Please see https://chromedriver.chromium.org/security-considerations for suggestions on keeping ChromeDriver safe.
ChromeDriver was started successfully.
Oct 24, 2020 3:58:00 PM org.openqa.selenium.remote.ProtocolHandshake createSession
INFO: Detected dialect: W3C
]]></system-err>
  </testcase>
  <testcase name="fillSignUpFormWithValidTestData" classname="com.carbonite.qa.tests.SignUpPageTest" time="1.808">
    <failure message="expected [Download] but found [Try Carbonite Computer Backup Free For 15 Days | Carbonite]" type="java.lang.AssertionError">java.lang.AssertionError: expected [Download] but found [Try Carbonite Computer Backup Free For 15 Days | Carbonite]
	at com.carbonite.qa.tests.SignUpPageTest.fillSignUpFormWithValidTestData(SignUpPageTest.java:64)
</failure>
    <system-out><![CDATA[2020-10-24 15:58:07 INFO  TestBase:45 - =====Browser Session End=====
47297 [main] INFO com.carbonite.qa.base.TestBase  - =====Browser Session End=====
Row count is : 3
Column count is  : 4
2020-10-24 15:58:13 INFO  TestBase:108 - =====Application Started=====
53692 [main] INFO com.carbonite.qa.base.TestBase  - =====Application Started=====
Before navigating to: 'https://www.carbonite.com/backup-software/safe-personal-trial/'
Navigated to:'https://www.carbonite.com/backup-software/safe-personal-trial/'
Trying to find Element By : By.xpath: //button[@class='circle']
Found Element By : By.xpath: //button[@class='circle']
Trying to find Element By : By.xpath: //button[@class='circle']
Found Element By : By.xpath: //button[@class='circle']
Trying to click on: [[ChromeDriver: chrome on WINDOWS (e7cde8db460b1c6227e0544998950a72)] -> xpath: //button[@class='circle']]
Clicked on: [[ChromeDriver: chrome on WINDOWS (e7cde8db460b1c6227e0544998950a72)] -> xpath: //button[@class='circle']]
Trying to find Element By : By.name: Email
Found Element By : By.name: Email
Trying to find Element By : By.name: confirmEmail
Found Element By : By.name: confirmEmail
Trying to find Element By : By.name: Password
Found Element By : By.name: Password
Trying to find Element By : By.name: ConfirmPassword
Found Element By : By.name: ConfirmPassword
Trying to find Element By : By.name: Country
Found Element By : By.name: Country
Trying to click on: [[ChromeDriver: chrome on WINDOWS (e7cde8db460b1c6227e0544998950a72)] -> name: Country]
Clicked on: [[ChromeDriver: chrome on WINDOWS (e7cde8db460b1c6227e0544998950a72)] -> name: Country]
Trying to find Element By : By.xpath: .//option[normalize-space(.) = "Canada"]
Found Element By : By.xpath: .//option[normalize-space(.) = "Canada"]
Trying to click on: [[[[ChromeDriver: chrome on WINDOWS (e7cde8db460b1c6227e0544998950a72)] -> name: Country]] -> xpath: .//option[normalize-space(.) = "Canada"]]
Clicked on: [[[[ChromeDriver: chrome on WINDOWS (e7cde8db460b1c6227e0544998950a72)] -> name: Country]] -> xpath: .//option[normalize-space(.) = "Canada"]]
Trying to find Element By : By.name: GDPROptIn
Found Element By : By.name: GDPROptIn
Trying to click on: [[ChromeDriver: chrome on WINDOWS (e7cde8db460b1c6227e0544998950a72)] -> name: GDPROptIn]
Clicked on: [[ChromeDriver: chrome on WINDOWS (e7cde8db460b1c6227e0544998950a72)] -> name: GDPROptIn]
Trying to find Element By : By.xpath: //input[@type='submit']
Found Element By : By.xpath: //input[@type='submit']
]]></system-out>
    <system-err><![CDATA[Starting ChromeDriver 86.0.4240.22 (398b0743353ff36fb1b82468f63a3a93b4e2e89e-refs/branch-heads/4240@{#378}) on port 35609
Only local connections are allowed.
Please see https://chromedriver.chromium.org/security-considerations for suggestions on keeping ChromeDriver safe.
ChromeDriver was started successfully.
Oct 24, 2020 3:58:11 PM org.openqa.selenium.remote.ProtocolHandshake createSession
INFO: Detected dialect: W3C
]]></system-err>
  </testcase>
  <testcase name="fillSignUpFormWithValidTestData" classname="com.carbonite.qa.tests.SignUpPageTest" time="1.72">
    <failure message="expected [Download] but found [Try Carbonite Computer Backup Free For 15 Days | Carbonite]" type="java.lang.AssertionError">java.lang.AssertionError: expected [Download] but found [Try Carbonite Computer Backup Free For 15 Days | Carbonite]
	at com.carbonite.qa.tests.SignUpPageTest.fillSignUpFormWithValidTestData(SignUpPageTest.java:64)
</failure>
    <system-out><![CDATA[2020-10-24 15:58:18 INFO  TestBase:155 - =====Browser Session End=====
58084 [main] INFO com.carbonite.qa.base.TestBase  - =====Browser Session End=====
2020-10-24 15:58:23 INFO  TestBase:108 - =====Application Started=====
63791 [main] INFO com.carbonite.qa.base.TestBase  - =====Application Started=====
Before navigating to: 'https://www.carbonite.com/backup-software/safe-personal-trial/'
Navigated to:'https://www.carbonite.com/backup-software/safe-personal-trial/'
Trying to find Element By : By.xpath: //button[@class='circle']
Found Element By : By.xpath: //button[@class='circle']
Trying to find Element By : By.xpath: //button[@class='circle']
Found Element By : By.xpath: //button[@class='circle']
Trying to click on: [[ChromeDriver: chrome on WINDOWS (f4a732350f1b9b6159ef2789ba3155f0)] -> xpath: //button[@class='circle']]
Clicked on: [[ChromeDriver: chrome on WINDOWS (f4a732350f1b9b6159ef2789ba3155f0)] -> xpath: //button[@class='circle']]
Trying to find Element By : By.name: Email
Found Element By : By.name: Email
Trying to find Element By : By.name: confirmEmail
Found Element By : By.name: confirmEmail
Trying to find Element By : By.name: Password
Found Element By : By.name: Password
Trying to find Element By : By.name: ConfirmPassword
Found Element By : By.name: ConfirmPassword
Trying to find Element By : By.name: Country
Found Element By : By.name: Country
Trying to click on: [[ChromeDriver: chrome on WINDOWS (f4a732350f1b9b6159ef2789ba3155f0)] -> name: Country]
Clicked on: [[ChromeDriver: chrome on WINDOWS (f4a732350f1b9b6159ef2789ba3155f0)] -> name: Country]
Trying to find Element By : By.xpath: .//option[normalize-space(.) = "Canada"]
Found Element By : By.xpath: .//option[normalize-space(.) = "Canada"]
Trying to click on: [[[[ChromeDriver: chrome on WINDOWS (f4a732350f1b9b6159ef2789ba3155f0)] -> name: Country]] -> xpath: .//option[normalize-space(.) = "Canada"]]
Clicked on: [[[[ChromeDriver: chrome on WINDOWS (f4a732350f1b9b6159ef2789ba3155f0)] -> name: Country]] -> xpath: .//option[normalize-space(.) = "Canada"]]
Trying to find Element By : By.name: GDPROptIn
Found Element By : By.name: GDPROptIn
Trying to click on: [[ChromeDriver: chrome on WINDOWS (f4a732350f1b9b6159ef2789ba3155f0)] -> name: GDPROptIn]
Clicked on: [[ChromeDriver: chrome on WINDOWS (f4a732350f1b9b6159ef2789ba3155f0)] -> name: GDPROptIn]
Trying to find Element By : By.xpath: //input[@type='submit']
Found Element By : By.xpath: //input[@type='submit']
]]></system-out>
    <system-err><![CDATA[Starting ChromeDriver 86.0.4240.22 (398b0743353ff36fb1b82468f63a3a93b4e2e89e-refs/branch-heads/4240@{#378}) on port 14357
Only local connections are allowed.
Please see https://chromedriver.chromium.org/security-considerations for suggestions on keeping ChromeDriver safe.
ChromeDriver was started successfully.
Oct 24, 2020 3:58:21 PM org.openqa.selenium.remote.ProtocolHandshake createSession
INFO: Detected dialect: W3C
]]></system-err>
  </testcase>
  <testcase name="fillSignUpFormWithValidTestData" classname="com.carbonite.qa.tests.SignUpPageTest" time="1.545">
    <failure message="expected [Download] but found [Try Carbonite Computer Backup Free For 15 Days | Carbonite]" type="java.lang.AssertionError">java.lang.AssertionError: expected [Download] but found [Try Carbonite Computer Backup Free For 15 Days | Carbonite]
	at com.carbonite.qa.tests.SignUpPageTest.fillSignUpFormWithValidTestData(SignUpPageTest.java:64)
</failure>
    <system-out><![CDATA[2020-10-24 15:58:28 INFO  TestBase:155 - =====Browser Session End=====
68151 [main] INFO com.carbonite.qa.base.TestBase  - =====Browser Session End=====
2020-10-24 15:58:33 INFO  TestBase:108 - =====Application Started=====
73859 [main] INFO com.carbonite.qa.base.TestBase  - =====Application Started=====
Before navigating to: 'https://www.carbonite.com/backup-software/safe-personal-trial/'
Navigated to:'https://www.carbonite.com/backup-software/safe-personal-trial/'
Trying to find Element By : By.xpath: //button[@class='circle']
Found Element By : By.xpath: //button[@class='circle']
Trying to find Element By : By.xpath: //button[@class='circle']
Found Element By : By.xpath: //button[@class='circle']
Trying to click on: [[ChromeDriver: chrome on WINDOWS (1575996f292c074651479ee9102d6c06)] -> xpath: //button[@class='circle']]
Clicked on: [[ChromeDriver: chrome on WINDOWS (1575996f292c074651479ee9102d6c06)] -> xpath: //button[@class='circle']]
Trying to find Element By : By.name: Email
Found Element By : By.name: Email
Trying to find Element By : By.name: confirmEmail
Found Element By : By.name: confirmEmail
Trying to find Element By : By.name: Password
Found Element By : By.name: Password
Trying to find Element By : By.name: ConfirmPassword
Found Element By : By.name: ConfirmPassword
Trying to find Element By : By.name: Country
Found Element By : By.name: Country
Trying to click on: [[ChromeDriver: chrome on WINDOWS (1575996f292c074651479ee9102d6c06)] -> name: Country]
Clicked on: [[ChromeDriver: chrome on WINDOWS (1575996f292c074651479ee9102d6c06)] -> name: Country]
Trying to find Element By : By.xpath: .//option[normalize-space(.) = "Canada"]
Found Element By : By.xpath: .//option[normalize-space(.) = "Canada"]
Trying to click on: [[[[ChromeDriver: chrome on WINDOWS (1575996f292c074651479ee9102d6c06)] -> name: Country]] -> xpath: .//option[normalize-space(.) = "Canada"]]
Clicked on: [[[[ChromeDriver: chrome on WINDOWS (1575996f292c074651479ee9102d6c06)] -> name: Country]] -> xpath: .//option[normalize-space(.) = "Canada"]]
Trying to find Element By : By.name: GDPROptIn
Found Element By : By.name: GDPROptIn
Trying to click on: [[ChromeDriver: chrome on WINDOWS (1575996f292c074651479ee9102d6c06)] -> name: GDPROptIn]
Clicked on: [[ChromeDriver: chrome on WINDOWS (1575996f292c074651479ee9102d6c06)] -> name: GDPROptIn]
Trying to find Element By : By.xpath: //input[@type='submit']
Found Element By : By.xpath: //input[@type='submit']
]]></system-out>
    <system-err><![CDATA[Starting ChromeDriver 86.0.4240.22 (398b0743353ff36fb1b82468f63a3a93b4e2e89e-refs/branch-heads/4240@{#378}) on port 33016
Only local connections are allowed.
Please see https://chromedriver.chromium.org/security-considerations for suggestions on keeping ChromeDriver safe.
ChromeDriver was started successfully.
Oct 24, 2020 3:58:31 PM org.openqa.selenium.remote.ProtocolHandshake createSession
INFO: Detected dialect: W3C
]]></system-err>
  </testcase>
  <testcase name="fillSignUpFormWithNegativeTestData" classname="com.carbonite.qa.tests.SignUpPageTest" time="1.062"/>
  <testcase name="fillSignUpFormWithNegativeTestData" classname="com.carbonite.qa.tests.SignUpPageTest" time="0.766"/>
  <testcase name="test" classname="com.carbonite.qa.tests.SignUpPageTest" time="0">
    <failure message="expected [true] but found [false]" type="java.lang.AssertionError">java.lang.AssertionError: expected [true] but found [false]
	at com.carbonite.qa.tests.SignUpPageTest.test(SignUpPageTest.java:100)
</failure>
    <system-out><![CDATA[2020-10-24 15:58:57 INFO  TestBase:155 - =====Browser Session End=====
97817 [main] INFO com.carbonite.qa.base.TestBase  - =====Browser Session End=====
2020-10-24 15:59:03 INFO  TestBase:108 - =====Application Started=====
103484 [main] INFO com.carbonite.qa.base.TestBase  - =====Application Started=====
Before navigating to: 'https://www.carbonite.com/backup-software/safe-personal-trial/'
Navigated to:'https://www.carbonite.com/backup-software/safe-personal-trial/'
]]></system-out>
    <system-err><![CDATA[Starting ChromeDriver 86.0.4240.22 (398b0743353ff36fb1b82468f63a3a93b4e2e89e-refs/branch-heads/4240@{#378}) on port 20445
Only local connections are allowed.
Please see https://chromedriver.chromium.org/security-considerations for suggestions on keeping ChromeDriver safe.
ChromeDriver was started successfully.
Oct 24, 2020 3:59:01 PM org.openqa.selenium.remote.ProtocolHandshake createSession
INFO: Detected dialect: W3C
]]></system-err>
  </testcase>
</testsuite>