<?xml version="1.0" encoding="UTF-8"?>
<testng-results skipped="0" failed="0" ignored="2" total="4" passed="2">
  <reporter-output>
  </reporter-output>
  <suite name="Default suite" duration-ms="20415" started-at="2020-08-11T09:20:41Z" finished-at="2020-08-11T09:21:01Z">
    <groups>
    </groups>
    <test name="Default test" duration-ms="20415" started-at="2020-08-11T09:20:41Z" finished-at="2020-08-11T09:21:01Z">
      <class name="com.carbonite.qa.tests.SignUpPageTest">
        <test-method status="PASS" signature="loggersetUp()[pri:0, instance:com.carbonite.qa.tests.SignUpPageTest@3b2cf7ab]" name="loggersetUp" is-config="true" duration-ms="66" started-at="2020-08-11T09:20:41Z" finished-at="2020-08-11T09:20:41Z">
          <reporter-output>
          </reporter-output>
        </test-method> <!-- loggersetUp -->
        <test-method status="PASS" signature="setUp()[pri:0, instance:com.carbonite.qa.tests.SignUpPageTest@3b2cf7ab]" name="setUp" is-config="true" duration-ms="8203" started-at="2020-08-11T09:20:42Z" finished-at="2020-08-11T09:20:50Z">
          <reporter-output>
          </reporter-output>
        </test-method> <!-- setUp -->
        <test-method status="PASS" signature="fillSignUpFormWithNegativeTestData(java.lang.String, java.lang.String, java.lang.String, java.lang.String)[pri:2, instance:com.carbonite.qa.tests.SignUpPageTest@3b2cf7ab]" name="fillSignUpFormWithNegativeTestData" duration-ms="972" started-at="2020-08-11T09:20:50Z" data-provider="NegativeSignUpDataFromExcelFile" finished-at="2020-08-11T09:20:51Z">
          <params>
            <param index="0">
              <value>
                <![CDATA[manvir456@gmail.com]]>
              </value>
            </param>
            <param index="1">
              <value>
                <![CDATA[manvir123@gmail.com]]>
              </value>
            </param>
            <param index="2">
              <value>
                <![CDATA[password@1234]]>
              </value>
            </param>
            <param index="3">
              <value>
                <![CDATA[password@1234]]>
              </value>
            </param>
          </params>
          <reporter-output>
          </reporter-output>
        </test-method> <!-- fillSignUpFormWithNegativeTestData -->
        <test-method status="PASS" signature="tearDown()[pri:0, instance:com.carbonite.qa.tests.SignUpPageTest@3b2cf7ab]" name="tearDown" is-config="true" duration-ms="1197" started-at="2020-08-11T09:20:51Z" finished-at="2020-08-11T09:20:52Z">
          <reporter-output>
          </reporter-output>
        </test-method> <!-- tearDown -->
        <test-method status="PASS" signature="setUp()[pri:0, instance:com.carbonite.qa.tests.SignUpPageTest@3b2cf7ab]" name="setUp" is-config="true" duration-ms="7652" started-at="2020-08-11T09:20:52Z" finished-at="2020-08-11T09:21:00Z">
          <reporter-output>
          </reporter-output>
        </test-method> <!-- setUp -->
        <test-method status="PASS" signature="fillSignUpFormWithNegativeTestData(java.lang.String, java.lang.String, java.lang.String, java.lang.String)[pri:2, instance:com.carbonite.qa.tests.SignUpPageTest@3b2cf7ab]" name="fillSignUpFormWithNegativeTestData" duration-ms="954" started-at="2020-08-11T09:21:00Z" data-provider="NegativeSignUpDataFromExcelFile" finished-at="2020-08-11T09:21:01Z">
          <params>
            <param index="0">
              <value>
                <![CDATA[manvir456@gmail.com]]>
              </value>
            </param>
            <param index="1">
              <value>
                <![CDATA[manvir456@gmail.com]]>
              </value>
            </param>
            <param index="2">
              <value>
                <![CDATA[password@123]]>
              </value>
            </param>
            <param index="3">
              <value>
                <![CDATA[password@1234]]>
              </value>
            </param>
          </params>
          <reporter-output>
          </reporter-output>
        </test-method> <!-- fillSignUpFormWithNegativeTestData -->
        <test-method status="PASS" signature="tearDown()[pri:0, instance:com.carbonite.qa.tests.SignUpPageTest@3b2cf7ab]" name="tearDown" is-config="true" duration-ms="690" started-at="2020-08-11T09:21:01Z" finished-at="2020-08-11T09:21:01Z">
          <reporter-output>
          </reporter-output>
        </test-method> <!-- tearDown -->
      </class> <!-- com.carbonite.qa.tests.SignUpPageTest -->
    </test> <!-- Default test -->
  </suite> <!-- Default suite -->
</testng-results>
